{
  "stats": {
    "suites": 1,
    "tests": 1,
    "passes": 1,
    "pending": 0,
    "failures": 0,
    "start": "2023-11-20T18:41:58.420Z",
    "end": "2023-11-20T18:42:01.435Z",
    "duration": 3015,
    "testsRegistered": 1,
    "passPercent": 100,
    "pendingPercent": 0,
    "other": 0,
    "hasOther": false,
    "skipped": 0,
    "hasSkipped": false
  },
  "results": [
    {
      "uuid": "9c80505b-97fb-4d17-937c-4076de074316",
      "title": "",
      "fullFile": "cypress\\e2e\\loginIncorreto.cy.js",
      "file": "cypress\\e2e\\loginIncorreto.cy.js",
      "beforeHooks": [],
      "afterHooks": [],
      "tests": [],
      "suites": [
        {
          "uuid": "3e6bf2c4-73c4-4670-93ba-dd8271101bad",
          "title": "Pagina de Login",
          "fullFile": "",
          "file": "",
          "beforeHooks": [],
          "afterHooks": [],
          "tests": [
            {
              "title": "Verificar mensagem de campo obrigatorio",
              "fullTitle": "Pagina de Login Verificar mensagem de campo obrigatorio",
              "timedOut": null,
              "duration": 1747,
              "state": "passed",
              "speed": "fast",
              "pass": true,
              "fail": false,
              "pending": false,
              "context": null,
              "code": "//Colocar uma descrição do que o teste deve fazer\ncy.visit('https://3076-cypress-alurapic-front.vercel.app/#/home');\ncy.contains('User name is required!').should('be.visible');\ncy.contains('Password is required!').should('be.visible');",
              "err": {},
              "uuid": "bd9d7895-b952-4a87-9633-e9884fac4d92",
              "parentUUID": "3e6bf2c4-73c4-4670-93ba-dd8271101bad",
              "isHook": false,
              "skipped": false
            }
          ],
          "suites": [],
          "passes": [
            "bd9d7895-b952-4a87-9633-e9884fac4d92"
          ],
          "failures": [],
          "pending": [],
          "skipped": [],
          "duration": 1747,
          "root": false,
          "rootEmpty": false,
          "_timeout": 2000
        }
      ],
      "passes": [],
      "failures": [],
      "pending": [],
      "skipped": [],
      "duration": 0,
      "root": true,
      "rootEmpty": true,
      "_timeout": 2000
    }
  ],
  "meta": {
    "mocha": {
      "version": "7.0.1"
    },
    "mochawesome": {
      "options": {
        "quiet": false,
        "reportFilename": "mochawesome",
        "saveHtml": true,
        "saveJson": true,
        "consoleReporter": "spec",
        "useInlineDiffs": false,
        "code": true
      },
      "version": "7.1.3"
    },
    "marge": {
      "options": null,
      "version": "6.2.0"
    }
  }
}